<?xml version="1.0" encoding="UTF-8"?>
<!-- Generated by org.testng.reporters.JUnitXMLReporter -->
<testsuite ignored="0" hostname="DESKTOP-3KCLKI1" failures="1" tests="1" name="Test" time="20.23" errors="0" timestamp="2024-04-13T17:35:16 IST">
  <testcase classname="testscript.regression.HybridPom" name="loginTest" time="18.866">
    <failure type="java.lang.IllegalArgumentException" message="Parameter &amp;apos;srcDir&amp;apos; is not a directory: &amp;apos;C:\Users\ADMIN\AppData\Local\Temp\screenshot14389602540791090745.png&amp;apos;">
      <![CDATA[java.lang.IllegalArgumentException: Parameter 'srcDir' is not a directory: 'C:\Users\ADMIN\AppData\Local\Temp\screenshot14389602540791090745.png'
at org.apache.commons.io.FileUtils.requireDirectory(FileUtils.java:2736)
at org.apache.commons.io.FileUtils.copyDirectory(FileUtils.java:668)
at org.apache.commons.io.FileUtils.copyDirectory(FileUtils.java:615)
at org.apache.commons.io.FileUtils.copyDirectory(FileUtils.java:516)
at org.apache.commons.io.FileUtils.copyDirectory(FileUtils.java:487)
at pages.BasePage.getSS(BasePage.java:70)
at listeners.MyTestListener.onTestSuccess(MyTestListener.java:23)
at java.base/java.util.ArrayList.forEach(ArrayList.java:1511)
... Removed 24 stack frames]]>
    </failure>
  </testcase> <!-- loginTest -->
</testsuite> <!-- Test -->
