<?xml version="1.0" encoding="UTF-8"?>
<testng-results ignored="0" total="1" passed="0" failed="1" skipped="0">
  <reporter-output>
  </reporter-output>
  <suite started-at="2024-04-13T17:34:56 IST" name="Suite" finished-at="2024-04-13T17:35:16 IST" duration-ms="20230">
    <groups>
    </groups>
    <test started-at="2024-04-13T17:34:56 IST" name="Test" finished-at="2024-04-13T17:35:16 IST" duration-ms="20230">
      <class name="testscript.regression.HybridPom">
        <test-method is-config="true" signature="fileSetUp()[pri:0, instance:testscript.regression.HybridPom@18271936]" started-at="2024-04-13T17:34:56 IST" name="fileSetUp" finished-at="2024-04-13T17:34:57 IST" duration-ms="612" status="PASS">
          <reporter-output>
          </reporter-output>
        </test-method> <!-- fileSetUp -->
        <test-method signature="loginTest(java.util.HashMap)[pri:0, instance:testscript.regression.HybridPom@18271936]" started-at="2024-04-13T17:34:57 IST" name="loginTest" data-provider="getData" finished-at="2024-04-13T17:35:15 IST" duration-ms="18866" status="FAIL">
          <exception class="java.lang.IllegalArgumentException">
            <message>
              <![CDATA[Parameter 'srcDir' is not a directory: 'C:\Users\ADMIN\AppData\Local\Temp\screenshot14389602540791090745.png']]>
            </message>
            <full-stacktrace>
              <![CDATA[java.lang.IllegalArgumentException: Parameter 'srcDir' is not a directory: 'C:\Users\ADMIN\AppData\Local\Temp\screenshot14389602540791090745.png'
at org.apache.commons.io.FileUtils.requireDirectory(FileUtils.java:2736)
at org.apache.commons.io.FileUtils.copyDirectory(FileUtils.java:668)
at org.apache.commons.io.FileUtils.copyDirectory(FileUtils.java:615)
at org.apache.commons.io.FileUtils.copyDirectory(FileUtils.java:516)
at org.apache.commons.io.FileUtils.copyDirectory(FileUtils.java:487)
at pages.BasePage.getSS(BasePage.java:70)
at listeners.MyTestListener.onTestSuccess(MyTestListener.java:23)
at org.testng.internal.TestListenerHelper.runTestListeners(TestListenerHelper.java:112)
at org.testng.internal.invokers.TestInvoker.runTestResultListener(TestInvoker.java:262)
at org.testng.internal.invokers.TestInvoker.invokeMethod(TestInvoker.java:751)
at org.testng.internal.invokers.TestInvoker.invokeTestMethod(TestInvoker.java:227)
at org.testng.internal.invokers.MethodRunner.runInSequence(MethodRunner.java:50)
at org.testng.internal.invokers.TestInvoker$MethodInvocationAgent.invoke(TestInvoker.java:957)
at org.testng.internal.invokers.TestInvoker.invokeTestMethods(TestInvoker.java:200)
at org.testng.internal.invokers.TestMethodWorker.invokeTestMethods(TestMethodWorker.java:148)
at org.testng.internal.invokers.TestMethodWorker.run(TestMethodWorker.java:128)
at java.base/java.util.ArrayList.forEach(ArrayList.java:1511)
at org.testng.TestRunner.privateRun(TestRunner.java:848)
at org.testng.TestRunner.run(TestRunner.java:621)
at org.testng.SuiteRunner.runTest(SuiteRunner.java:443)
at org.testng.SuiteRunner.runSequentially(SuiteRunner.java:437)
at org.testng.SuiteRunner.privateRun(SuiteRunner.java:397)
at org.testng.SuiteRunner.run(SuiteRunner.java:336)
at org.testng.SuiteRunnerWorker.runSuite(SuiteRunnerWorker.java:52)
at org.testng.SuiteRunnerWorker.run(SuiteRunnerWorker.java:95)
at org.testng.TestNG.runSuitesSequentially(TestNG.java:1280)
at org.testng.TestNG.runSuitesLocally(TestNG.java:1200)
at org.testng.TestNG.runSuites(TestNG.java:1114)
at org.testng.TestNG.run(TestNG.java:1082)
at org.testng.remote.AbstractRemoteTestNG.run(AbstractRemoteTestNG.java:115)
at org.testng.remote.RemoteTestNG.initAndRun(RemoteTestNG.java:251)
at org.testng.remote.RemoteTestNG.main(RemoteTestNG.java:77)
]]>
            </full-stacktrace>
          </exception> <!-- java.lang.IllegalArgumentException -->
          <reporter-output>
          </reporter-output>
        </test-method> <!-- loginTest -->
        <test-method is-config="true" signature="setup(org.testng.ITestContext)[pri:0, instance:testscript.regression.HybridPom@18271936]" started-at="2024-04-13T17:34:58 IST" name="setup" finished-at="2024-04-13T17:35:06 IST" duration-ms="8343" status="PASS">
          <params>
            <param index="0">
              <value>
                <![CDATA[org.testng.TestRunner@71d55b7e]]>
              </value>
            </param>
          </params>
          <reporter-output>
          </reporter-output>
        </test-method> <!-- setup -->
        <test-method is-config="true" signature="closeRep()[pri:0, instance:testscript.regression.HybridPom@18271936]" started-at="2024-04-13T17:35:15 IST" name="closeRep" finished-at="2024-04-13T17:35:16 IST" duration-ms="670" status="PASS">
          <reporter-output>
          </reporter-output>
        </test-method> <!-- closeRep -->
      </class> <!-- testscript.regression.HybridPom -->
    </test> <!-- Test -->
  </suite> <!-- Suite -->
</testng-results>
